[debug] [2025-01-13T20:54:16.325Z] ----------------------------------------------------------------------
[debug] [2025-01-13T20:54:16.327Z] Command:       C:\Program Files\nodejs\node.exe C:\Users\pedro\AppData\Roaming\npm\node_modules\firebase-tools\lib\bin\firebase.js emulators:start --only functions
[debug] [2025-01-13T20:54:16.328Z] CLI Version:   13.29.1
[debug] [2025-01-13T20:54:16.328Z] Platform:      win32
[debug] [2025-01-13T20:54:16.328Z] Node Version:  v23.5.0
[debug] [2025-01-13T20:54:16.328Z] Time:          Mon Jan 13 2025 17:54:16 GMT-0300 (Brasilia Standard Time)
[debug] [2025-01-13T20:54:16.328Z] ----------------------------------------------------------------------
[debug] 
[debug] [2025-01-13T20:54:16.423Z] > command requires scopes: ["email","openid","https://www.googleapis.com/auth/cloudplatformprojects.readonly","https://www.googleapis.com/auth/firebase","https://www.googleapis.com/auth/cloud-platform"]
[debug] [2025-01-13T20:54:16.423Z] > authorizing via signed-in user (pedrorossafelicio@gmail.com)
[info] i  emulators: Starting emulators: functions {"metadata":{"emulator":{"name":"hub"},"message":"Starting emulators: functions"}}
[debug] [2025-01-13T20:54:16.432Z] [logging] Logging Emulator only supports listening on one address (127.0.0.1). Not listening on ::1
[debug] [2025-01-13T20:54:16.432Z] assigned listening specs for emulators {"user":{"hub":[{"address":"127.0.0.1","family":"IPv4","port":4400},{"address":"::1","family":"IPv6","port":4400}],"ui":[{"address":"127.0.0.1","family":"IPv4","port":4000},{"address":"::1","family":"IPv6","port":4000}],"logging":[{"address":"127.0.0.1","family":"IPv4","port":4500}]},"metadata":{"message":"assigned listening specs for emulators"}}
[debug] [2025-01-13T20:54:16.437Z] [hub] writing locator at C:\Users\pedro\AppData\Local\Temp\hub-dgt-pi-kiosk.json
[debug] [2025-01-13T20:54:16.454Z] [functions] Functions Emulator only supports listening on one address (127.0.0.1). Not listening on ::1
[debug] [2025-01-13T20:54:16.454Z] [eventarc] Eventarc Emulator only supports listening on one address (127.0.0.1). Not listening on ::1
[debug] [2025-01-13T20:54:16.455Z] [tasks] Cloud Tasks Emulator only supports listening on one address (127.0.0.1). Not listening on ::1
[debug] [2025-01-13T20:54:16.455Z] late-assigned ports for functions and eventarc emulators {"user":{"hub":[{"address":"127.0.0.1","family":"IPv4","port":4400},{"address":"::1","family":"IPv6","port":4400}],"ui":[{"address":"127.0.0.1","family":"IPv4","port":4000},{"address":"::1","family":"IPv6","port":4000}],"logging":[{"address":"127.0.0.1","family":"IPv4","port":4500}],"functions":[{"address":"127.0.0.1","family":"IPv4","port":5001}],"eventarc":[{"address":"127.0.0.1","family":"IPv4","port":9299}],"tasks":[{"address":"127.0.0.1","family":"IPv4","port":9499}]},"metadata":{"message":"late-assigned ports for functions and eventarc emulators"}}
[warn] !  functions: The following emulators are not running, calls to these services from the Functions emulator will affect production: apphosting, auth, firestore, database, hosting, pubsub, storage, dataconnect {"metadata":{"emulator":{"name":"functions"},"message":"The following emulators are not running, calls to these services from the Functions emulator will affect production: \u001b[1mapphosting, auth, firestore, database, hosting, pubsub, storage, dataconnect\u001b[22m"}}
[debug] [2025-01-13T20:54:16.458Z] defaultcredentials: writing to file C:\Users\pedro\AppData\Roaming\firebase\pedrorossafelicio_gmail_com_application_default_credentials.json
[debug] [2025-01-13T20:54:16.461Z] Setting GAC to C:\Users\pedro\AppData\Roaming\firebase\pedrorossafelicio_gmail_com_application_default_credentials.json {"metadata":{"emulator":{"name":"functions"},"message":"Setting GAC to C:\\Users\\pedro\\AppData\\Roaming\\firebase\\pedrorossafelicio_gmail_com_application_default_credentials.json"}}
[debug] [2025-01-13T20:54:16.462Z] Checked if tokens are valid: true, expires at: 1736803257567
[debug] [2025-01-13T20:54:16.462Z] Checked if tokens are valid: true, expires at: 1736803257567
[debug] [2025-01-13T20:54:16.463Z] >>> [apiv2][query] GET https://firebase.googleapis.com/v1beta1/projects/dgt-pi-kiosk/adminSdkConfig [none]
[debug] [2025-01-13T20:54:17.477Z] <<< [apiv2][status] GET https://firebase.googleapis.com/v1beta1/projects/dgt-pi-kiosk/adminSdkConfig 200
[debug] [2025-01-13T20:54:17.477Z] <<< [apiv2][body] GET https://firebase.googleapis.com/v1beta1/projects/dgt-pi-kiosk/adminSdkConfig {"projectId":"dgt-pi-kiosk","storageBucket":"dgt-pi-kiosk.firebasestorage.app"}
[info] i  functions: Watching "C:\Users\pedro\OneDrive\Documentos\Projetinhos\teste-rasp\rasp-admin\functions" for Cloud Functions... {"metadata":{"emulator":{"name":"functions"},"message":"Watching \"C:\\Users\\pedro\\OneDrive\\Documentos\\Projetinhos\\teste-rasp\\rasp-admin\\functions\" for Cloud Functions..."}}
[debug] [2025-01-13T20:54:17.504Z] Validating nodejs source
[debug] [2025-01-13T20:54:18.191Z] > [functions] package.json contents: {
  "name": "functions",
  "description": "Cloud Functions for Firebase",
  "scripts": {
    "serve": "firebase emulators:start --only functions",
    "shell": "firebase functions:shell",
    "start": "npm run shell",
    "deploy": "firebase deploy --only functions",
    "logs": "firebase functions:log"
  },
  "engines": {
    "node": "22"
  },
  "main": "index.js",
  "dependencies": {
    "firebase-admin": "^12.6.0",
    "firebase-functions": "^6.0.1",
    "express": "^4.18.2",
    "cors": "^2.8.5"
  },
  "devDependencies": {
    "firebase-functions-test": "^3.1.0"
  },
  "private": true
}
[debug] [2025-01-13T20:54:18.191Z] Building nodejs source
[debug] [2025-01-13T20:54:18.192Z] Failed to find version of module node: reached end of search path C:\Users\pedro\OneDrive\Documentos\Projetinhos\teste-rasp\rasp-admin\functions\node_modules
[warn] !  functions: Your requested "node" version "22" doesn't match your global version "23". Using node@23 from host. 
[debug] [2025-01-13T20:54:18.194Z] Could not find functions.yaml. Must use http discovery
[debug] [2025-01-13T20:54:18.200Z] Found firebase-functions binary at 'C:\Users\pedro\OneDrive\Documentos\Projetinhos\teste-rasp\rasp-admin\functions\node_modules\.bin\firebase-functions'
[info] Serving at port 8995

[debug] [2025-01-13T20:54:18.607Z] Got response from /__/functions.yaml {"endpoints":{"admin":{"availableMemoryMb":null,"timeoutSeconds":null,"minInstances":null,"maxInstances":10,"ingressSettings":null,"concurrency":null,"serviceAccountEmail":null,"vpc":null,"platform":"gcfv2","region":["us-central1"],"labels":{},"httpsTrigger":{},"entryPoint":"admin"}},"specVersion":"v1alpha1","requiredAPIs":[],"extensions":{}}
[info] +  functions: Loaded functions definitions from source: admin. {"metadata":{"emulator":{"name":"functions"},"message":"Loaded functions definitions from source: admin."}}
[info] +  functions[us-central1-admin]: http function initialized (http://127.0.0.1:5001/dgt-pi-kiosk/us-central1/admin). {"metadata":{"emulator":{"name":"functions"},"message":"\u001b[1mhttp\u001b[22m function initialized (http://127.0.0.1:5001/dgt-pi-kiosk/us-central1/admin)."}}
[debug] [2025-01-13T20:54:22.655Z] Could not find VSCode notification endpoint: FetchError: request to http://localhost:40001/vscode/notify failed, reason: . If you are not running the Firebase Data Connect VSCode extension, this is expected and not an issue.
[info] 
┌─────────────────────────────────────────────────────────────┐
│ ✔  All emulators ready! It is now safe to connect your app. │
│ i  View Emulator UI at http://127.0.0.1:4000/               │
└─────────────────────────────────────────────────────────────┘

┌───────────┬────────────────┬─────────────────────────────────┐
│ Emulator  │ Host:Port      │ View in Emulator UI             │
├───────────┼────────────────┼─────────────────────────────────┤
│ Functions │ 127.0.0.1:5001 │ http://127.0.0.1:4000/functions │
└───────────┴────────────────┴─────────────────────────────────┘
  Emulator Hub running at 127.0.0.1:4400
  Other reserved ports: 4500

Issues? Report them at https://github.com/firebase/firebase-tools/issues and attach the *-debug.log files.
 
[debug] [2025-01-13T21:07:09.857Z] [work-queue] {"queuedWork":["/dgt-pi-kiosk/us-central1/admin/users-2025-01-13T21:07:09.856Z"],"queueLength":1,"runningWork":[],"workRunningCount":0}
[debug] [2025-01-13T21:07:09.857Z] [work-queue] {"queuedWork":[],"queueLength":0,"runningWork":["/dgt-pi-kiosk/us-central1/admin/users-2025-01-13T21:07:09.856Z"],"workRunningCount":1}
[debug] [2025-01-13T21:07:09.857Z] Accepted request OPTIONS /dgt-pi-kiosk/us-central1/admin/users --> us-central1-admin
[debug] [2025-01-13T21:07:09.860Z] [functions] Runtime ready! Sending request! {"metadata":{"emulator":{"name":"functions"},"message":"[functions] Runtime ready! Sending request!"}}
[debug] [2025-01-13T21:07:09.861Z] [functions] Got req.url=/dgt-pi-kiosk/us-central1/admin/users, mapping to path=/users {"metadata":{"emulator":{"name":"functions"},"message":"[functions] Got req.url=/dgt-pi-kiosk/us-central1/admin/users, mapping to path=/users"}}
[debug] [2025-01-13T21:07:09.872Z] [worker-pool] addWorker(us-central1-admin) {"metadata":{"emulator":{"name":"functions"},"message":"[worker-pool] addWorker(us-central1-admin)"}}
[debug] [2025-01-13T21:07:09.872Z] [worker-pool] Adding worker with key us-central1-admin, total=1 {"metadata":{"emulator":{"name":"functions"},"message":"[worker-pool] Adding worker with key us-central1-admin, total=1"}}
[info] >  (node:23748) [DEP0040] DeprecationWarning: The `punycode` module is deprecated. Please use a userland alternative instead. {"user":"(node:23748) [DEP0040] DeprecationWarning: The `punycode` module is deprecated. Please use a userland alternative instead.","metadata":{"emulator":{"name":"functions"},"function":{"name":"us-central1-admin"},"extension":{},"message":"\u001b[90m> \u001b[39m (node:23748) [DEP0040] DeprecationWarning: The `punycode` module is deprecated. Please use a userland alternative instead."}}
[info] >  (Use `node --trace-deprecation ...` to show where the warning was created) {"user":"(Use `node --trace-deprecation ...` to show where the warning was created)","metadata":{"emulator":{"name":"functions"},"function":{"name":"us-central1-admin"},"extension":{},"message":"\u001b[90m> \u001b[39m (Use `node --trace-deprecation ...` to show where the warning was created)"}}
[debug] [2025-01-13T21:07:11.509Z] [runtime-status] [23748] Resolved module firebase-admin {"declared":true,"installed":true,"version":"12.7.0","resolution":"C:\\Users\\pedro\\OneDrive\\Documentos\\Projetinhos\\teste-rasp\\rasp-admin\\functions\\node_modules\\firebase-admin\\lib\\index.js"} {"metadata":{"emulator":{"name":"functions"},"function":{"name":"us-central1-admin"},"extension":{},"message":"[runtime-status] [23748] Resolved module firebase-admin {\"declared\":true,\"installed\":true,\"version\":\"12.7.0\",\"resolution\":\"C:\\\\Users\\\\pedro\\\\OneDrive\\\\Documentos\\\\Projetinhos\\\\teste-rasp\\\\rasp-admin\\\\functions\\\\node_modules\\\\firebase-admin\\\\lib\\\\index.js\"}"}}
[debug] [2025-01-13T21:07:11.510Z] [runtime-status] [23748] Resolved module firebase-functions {"declared":true,"installed":true,"version":"6.2.0","resolution":"C:\\Users\\pedro\\OneDrive\\Documentos\\Projetinhos\\teste-rasp\\rasp-admin\\functions\\node_modules\\firebase-functions\\lib\\v2\\index.js"} {"metadata":{"emulator":{"name":"functions"},"function":{"name":"us-central1-admin"},"extension":{},"message":"[runtime-status] [23748] Resolved module firebase-functions {\"declared\":true,\"installed\":true,\"version\":\"6.2.0\",\"resolution\":\"C:\\\\Users\\\\pedro\\\\OneDrive\\\\Documentos\\\\Projetinhos\\\\teste-rasp\\\\rasp-admin\\\\functions\\\\node_modules\\\\firebase-functions\\\\lib\\\\v2\\\\index.js\"}"}}
[debug] [2025-01-13T21:07:11.510Z] [runtime-status] [23748] Outgoing network have been stubbed. [{"name":"http","status":"mocked"},{"name":"http","status":"mocked"},{"name":"https","status":"mocked"},{"name":"https","status":"mocked"},{"name":"net","status":"mocked"}] {"metadata":{"emulator":{"name":"functions"},"function":{"name":"us-central1-admin"},"extension":{},"message":"[runtime-status] [23748] Outgoing network have been stubbed. [{\"name\":\"http\",\"status\":\"mocked\"},{\"name\":\"http\",\"status\":\"mocked\"},{\"name\":\"https\",\"status\":\"mocked\"},{\"name\":\"https\",\"status\":\"mocked\"},{\"name\":\"net\",\"status\":\"mocked\"}]"}}
[debug] [2025-01-13T21:07:11.511Z] [runtime-status] [23748] Resolved module firebase-functions {"declared":true,"installed":true,"version":"6.2.0","resolution":"C:\\Users\\pedro\\OneDrive\\Documentos\\Projetinhos\\teste-rasp\\rasp-admin\\functions\\node_modules\\firebase-functions\\lib\\v2\\index.js"} {"metadata":{"emulator":{"name":"functions"},"function":{"name":"us-central1-admin"},"extension":{},"message":"[runtime-status] [23748] Resolved module firebase-functions {\"declared\":true,\"installed\":true,\"version\":\"6.2.0\",\"resolution\":\"C:\\\\Users\\\\pedro\\\\OneDrive\\\\Documentos\\\\Projetinhos\\\\teste-rasp\\\\rasp-admin\\\\functions\\\\node_modules\\\\firebase-functions\\\\lib\\\\v2\\\\index.js\"}"}}
[debug] [2025-01-13T21:07:11.929Z] [runtime-status] [23748] Checked functions.config() {"config":{}} {"metadata":{"emulator":{"name":"functions"},"function":{"name":"us-central1-admin"},"extension":{},"message":"[runtime-status] [23748] Checked functions.config() {\"config\":{}}"}}
[debug] [2025-01-13T21:07:11.929Z] [runtime-status] [23748] firebase-functions has been stubbed. {"functionsResolution":{"declared":true,"installed":true,"version":"6.2.0","resolution":"C:\\Users\\pedro\\OneDrive\\Documentos\\Projetinhos\\teste-rasp\\rasp-admin\\functions\\node_modules\\firebase-functions\\lib\\v2\\index.js"}} {"metadata":{"emulator":{"name":"functions"},"function":{"name":"us-central1-admin"},"extension":{},"message":"[runtime-status] [23748] firebase-functions has been stubbed. {\"functionsResolution\":{\"declared\":true,\"installed\":true,\"version\":\"6.2.0\",\"resolution\":\"C:\\\\Users\\\\pedro\\\\OneDrive\\\\Documentos\\\\Projetinhos\\\\teste-rasp\\\\rasp-admin\\\\functions\\\\node_modules\\\\firebase-functions\\\\lib\\\\v2\\\\index.js\"}}"}}
[debug] [2025-01-13T21:07:11.930Z] [runtime-status] [23748] Resolved module firebase-functions {"declared":true,"installed":true,"version":"6.2.0","resolution":"C:\\Users\\pedro\\OneDrive\\Documentos\\Projetinhos\\teste-rasp\\rasp-admin\\functions\\node_modules\\firebase-functions\\lib\\v2\\index.js"} {"metadata":{"emulator":{"name":"functions"},"function":{"name":"us-central1-admin"},"extension":{},"message":"[runtime-status] [23748] Resolved module firebase-functions {\"declared\":true,\"installed\":true,\"version\":\"6.2.0\",\"resolution\":\"C:\\\\Users\\\\pedro\\\\OneDrive\\\\Documentos\\\\Projetinhos\\\\teste-rasp\\\\rasp-admin\\\\functions\\\\node_modules\\\\firebase-functions\\\\lib\\\\v2\\\\index.js\"}"}}
[debug] [2025-01-13T21:07:11.935Z] [runtime-status] [23748] Resolved module firebase-admin {"declared":true,"installed":true,"version":"12.7.0","resolution":"C:\\Users\\pedro\\OneDrive\\Documentos\\Projetinhos\\teste-rasp\\rasp-admin\\functions\\node_modules\\firebase-admin\\lib\\index.js"} {"metadata":{"emulator":{"name":"functions"},"function":{"name":"us-central1-admin"},"extension":{},"message":"[runtime-status] [23748] Resolved module firebase-admin {\"declared\":true,\"installed\":true,\"version\":\"12.7.0\",\"resolution\":\"C:\\\\Users\\\\pedro\\\\OneDrive\\\\Documentos\\\\Projetinhos\\\\teste-rasp\\\\rasp-admin\\\\functions\\\\node_modules\\\\firebase-admin\\\\lib\\\\index.js\"}"}}
[debug] [2025-01-13T21:07:11.938Z] [runtime-status] [23748] Resolved module firebase-functions {"declared":true,"installed":true,"version":"6.2.0","resolution":"C:\\Users\\pedro\\OneDrive\\Documentos\\Projetinhos\\teste-rasp\\rasp-admin\\functions\\node_modules\\firebase-functions\\lib\\v2\\index.js"} {"metadata":{"emulator":{"name":"functions"},"function":{"name":"us-central1-admin"},"extension":{},"message":"[runtime-status] [23748] Resolved module firebase-functions {\"declared\":true,\"installed\":true,\"version\":\"6.2.0\",\"resolution\":\"C:\\\\Users\\\\pedro\\\\OneDrive\\\\Documentos\\\\Projetinhos\\\\teste-rasp\\\\rasp-admin\\\\functions\\\\node_modules\\\\firebase-functions\\\\lib\\\\v2\\\\index.js\"}"}}
[debug] [2025-01-13T21:07:11.938Z] [runtime-status] [23748] firebase-admin has been stubbed. {"adminResolution":{"declared":true,"installed":true,"version":"12.7.0","resolution":"C:\\Users\\pedro\\OneDrive\\Documentos\\Projetinhos\\teste-rasp\\rasp-admin\\functions\\node_modules\\firebase-admin\\lib\\index.js"}} {"metadata":{"emulator":{"name":"functions"},"function":{"name":"us-central1-admin"},"extension":{},"message":"[runtime-status] [23748] firebase-admin has been stubbed. {\"adminResolution\":{\"declared\":true,\"installed\":true,\"version\":\"12.7.0\",\"resolution\":\"C:\\\\Users\\\\pedro\\\\OneDrive\\\\Documentos\\\\Projetinhos\\\\teste-rasp\\\\rasp-admin\\\\functions\\\\node_modules\\\\firebase-admin\\\\lib\\\\index.js\"}}"}}
[debug] [2025-01-13T21:07:12.074Z] [runtime-status] [23748] Functions runtime initialized. {"cwd":"C:\\Users\\pedro\\OneDrive\\Documentos\\Projetinhos\\teste-rasp\\rasp-admin\\functions","node_version":"23.5.0"} {"metadata":{"emulator":{"name":"functions"},"function":{"name":"us-central1-admin"},"extension":{},"message":"[runtime-status] [23748] Functions runtime initialized. {\"cwd\":\"C:\\\\Users\\\\pedro\\\\OneDrive\\\\Documentos\\\\Projetinhos\\\\teste-rasp\\\\rasp-admin\\\\functions\",\"node_version\":\"23.5.0\"}"}}
[debug] [2025-01-13T21:07:12.075Z] [runtime-status] [23748] Listening to port: \\?\pipe\fire_emu_7e51b0895366df40 {"metadata":{"emulator":{"name":"functions"},"function":{"name":"us-central1-admin"},"extension":{},"message":"[runtime-status] [23748] Listening to port: \\\\?\\pipe\\fire_emu_7e51b0895366df40"}}
[debug] [2025-01-13T21:07:12.145Z] [worker-us-central1-admin-4e90c3db-d296-4758-a4f1-d87b7e53152f]: IDLE {"metadata":{"emulator":{"name":"functions"},"function":{"name":"us-central1-admin"},"extension":{},"message":"[worker-us-central1-admin-4e90c3db-d296-4758-a4f1-d87b7e53152f]: IDLE"}}
[debug] [2025-01-13T21:07:12.146Z] [worker-pool] submitRequest(triggerId=us-central1-admin) {"metadata":{"emulator":{"name":"functions"},"message":"[worker-pool] submitRequest(triggerId=us-central1-admin)"}}
[info] i  functions: Beginning execution of "us-central1-admin" {"metadata":{"emulator":{"name":"functions"},"function":{"name":"us-central1-admin"},"extension":{},"message":"Beginning execution of \"us-central1-admin\""}}
[debug] [2025-01-13T21:07:12.146Z] [worker-us-central1-admin-4e90c3db-d296-4758-a4f1-d87b7e53152f]: BUSY {"metadata":{"emulator":{"name":"functions"},"function":{"name":"us-central1-admin"},"extension":{},"message":"[worker-us-central1-admin-4e90c3db-d296-4758-a4f1-d87b7e53152f]: BUSY"}}
[debug] [2025-01-13T21:07:12.150Z] Finishing up request with event=pause {"metadata":{"emulator":{"name":"functions"},"function":{"name":"us-central1-admin"},"extension":{},"message":"Finishing up request with event=pause"}}
[info] i  functions: Finished "us-central1-admin" in 4.3834ms {"metadata":{"emulator":{"name":"functions"},"function":{"name":"us-central1-admin"},"extension":{},"message":"Finished \"us-central1-admin\" in 4.3834ms"}}
[debug] [2025-01-13T21:07:12.151Z] [worker-us-central1-admin-4e90c3db-d296-4758-a4f1-d87b7e53152f]: IDLE {"metadata":{"emulator":{"name":"functions"},"function":{"name":"us-central1-admin"},"extension":{},"message":"[worker-us-central1-admin-4e90c3db-d296-4758-a4f1-d87b7e53152f]: IDLE"}}
[debug] [2025-01-13T21:07:12.152Z] Finishing up request with event=finish {"metadata":{"emulator":{"name":"functions"},"function":{"name":"us-central1-admin"},"extension":{},"message":"Finishing up request with event=finish"}}
[debug] [2025-01-13T21:07:12.152Z] Finishing up request with event=close {"metadata":{"emulator":{"name":"functions"},"function":{"name":"us-central1-admin"},"extension":{},"message":"Finishing up request with event=close"}}
[debug] [2025-01-13T21:07:12.152Z] [work-queue] {"queuedWork":[],"queueLength":0,"runningWork":[],"workRunningCount":0}
[debug] [2025-01-13T21:07:12.153Z] [work-queue] {"queuedWork":["/dgt-pi-kiosk/us-central1/admin/users-2025-01-13T21:07:12.153Z"],"queueLength":1,"runningWork":[],"workRunningCount":0}
[debug] [2025-01-13T21:07:12.153Z] [work-queue] {"queuedWork":[],"queueLength":0,"runningWork":["/dgt-pi-kiosk/us-central1/admin/users-2025-01-13T21:07:12.153Z"],"workRunningCount":1}
[debug] [2025-01-13T21:07:12.153Z] Accepted request POST /dgt-pi-kiosk/us-central1/admin/users --> us-central1-admin
[debug] [2025-01-13T21:07:12.154Z] [functions] Runtime ready! Sending request! {"metadata":{"emulator":{"name":"functions"},"message":"[functions] Runtime ready! Sending request!"}}
[debug] [2025-01-13T21:07:12.154Z] [functions] Got req.url=/dgt-pi-kiosk/us-central1/admin/users, mapping to path=/users {"metadata":{"emulator":{"name":"functions"},"message":"[functions] Got req.url=/dgt-pi-kiosk/us-central1/admin/users, mapping to path=/users"}}
[debug] [2025-01-13T21:07:12.154Z] [worker-pool] submitRequest(triggerId=us-central1-admin) {"metadata":{"emulator":{"name":"functions"},"message":"[worker-pool] submitRequest(triggerId=us-central1-admin)"}}
[info] i  functions: Beginning execution of "us-central1-admin" {"metadata":{"emulator":{"name":"functions"},"function":{"name":"us-central1-admin"},"extension":{},"message":"Beginning execution of \"us-central1-admin\""}}
[debug] [2025-01-13T21:07:12.154Z] [worker-us-central1-admin-4e90c3db-d296-4758-a4f1-d87b7e53152f]: BUSY {"metadata":{"emulator":{"name":"functions"},"function":{"name":"us-central1-admin"},"extension":{},"message":"[worker-us-central1-admin-4e90c3db-d296-4758-a4f1-d87b7e53152f]: BUSY"}}
[warn] !  Google API requested!
   - URL: "https://oauth2.googleapis.com/token"
   - Be careful, this may be a production service. {"metadata":{"emulator":{"name":"functions"},"function":{"name":"us-central1-admin"},"extension":{},"message":"Google API requested!\n   - URL: \"https://oauth2.googleapis.com/token\"\n   - Be careful, this may be a production service."}}
[debug] [2025-01-13T21:07:14.581Z] Finishing up request with event=pause {"metadata":{"emulator":{"name":"functions"},"function":{"name":"us-central1-admin"},"extension":{},"message":"Finishing up request with event=pause"}}
[info] i  functions: Finished "us-central1-admin" in 2426.4773ms {"metadata":{"emulator":{"name":"functions"},"function":{"name":"us-central1-admin"},"extension":{},"message":"Finished \"us-central1-admin\" in 2426.4773ms"}}
[debug] [2025-01-13T21:07:14.581Z] [worker-us-central1-admin-4e90c3db-d296-4758-a4f1-d87b7e53152f]: IDLE {"metadata":{"emulator":{"name":"functions"},"function":{"name":"us-central1-admin"},"extension":{},"message":"[worker-us-central1-admin-4e90c3db-d296-4758-a4f1-d87b7e53152f]: IDLE"}}
[debug] [2025-01-13T21:07:14.581Z] Finishing up request with event=finish {"metadata":{"emulator":{"name":"functions"},"function":{"name":"us-central1-admin"},"extension":{},"message":"Finishing up request with event=finish"}}
[debug] [2025-01-13T21:07:14.581Z] Finishing up request with event=close {"metadata":{"emulator":{"name":"functions"},"function":{"name":"us-central1-admin"},"extension":{},"message":"Finishing up request with event=close"}}
[debug] [2025-01-13T21:07:14.582Z] [work-queue] {"queuedWork":[],"queueLength":0,"runningWork":[],"workRunningCount":0}
